hello world.
Traceback (most recent call last):
  File "run.py", line 23, in <module>
    from flask import Flask, g, current_app, request, session
ImportError: No module named flask
('Token:', None)
('Token:', None)
('Token:', u'eyJhbGciOiAiSFMyNTYiLCAidHlwIjogIkpXVCJ9.eyJpc3N1ZWRBdCI6ICIyMDE0LTAxLTI4VDE4OjM5OjQ1KzAwOjAwWiIsICJjb25zdW1lcktleSI6ICJ5ZWxsb3d3YWxscGFwZXIiLCAidXNlcklkIjogIkdyYWhhbSAvIGVqMjkyOSIsICJ0dGwiOiA4NjQwMH0.L5eCdP1O-0eWXpRoPtcH0EMreUAJ3jMojVbPbFqaGM4')
('Consumer key:', u'yellowwallpaper')
('Token:', u'eyJhbGciOiAiSFMyNTYiLCAidHlwIjogIkpXVCJ9.eyJpc3N1ZWRBdCI6ICIyMDE0LTAxLTI4VDE4OjM5OjQ1KzAwOjAwWiIsICJjb25zdW1lcktleSI6ICJ5ZWxsb3d3YWxscGFwZXIiLCAidXNlcklkIjogIkdyYWhhbSAvIGVqMjkyOSIsICJ0dGwiOiA4NjQwMH0.L5eCdP1O-0eWXpRoPtcH0EMreUAJ3jMojVbPbFqaGM4')
('Consumer key:', u'yellowwallpaper')
('Token:', u'eyJhbGciOiAiSFMyNTYiLCAidHlwIjogIkpXVCJ9.eyJpc3N1ZWRBdCI6ICIyMDE0LTAxLTI4VDE4OjM5OjQ1KzAwOjAwWiIsICJjb25zdW1lcktleSI6ICJ5ZWxsb3d3YWxscGFwZXIiLCAidXNlcklkIjogIkdyYWhhbSAvIGVqMjkyOSIsICJ0dGwiOiA4NjQwMH0.L5eCdP1O-0eWXpRoPtcH0EMreUAJ3jMojVbPbFqaGM4')
('Consumer key:', u'yellowwallpaper')
('Token:', u'eyJhbGciOiAiSFMyNTYiLCAidHlwIjogIkpXVCJ9.eyJpc3N1ZWRBdCI6ICIyMDE0LTAxLTI4VDE4OjM5OjQ1KzAwOjAwWiIsICJjb25zdW1lcktleSI6ICJ5ZWxsb3d3YWxscGFwZXIiLCAidXNlcklkIjogIkdyYWhhbSAvIGVqMjkyOSIsICJ0dGwiOiA4NjQwMH0.L5eCdP1O-0eWXpRoPtcH0EMreUAJ3jMojVbPbFqaGM4')
('Consumer key:', u'yellowwallpaper')
('Token:', u'eyJhbGciOiAiSFMyNTYiLCAidHlwIjogIkpXVCJ9.eyJpc3N1ZWRBdCI6ICIyMDE0LTAxLTI4VDE4OjM5OjQ1KzAwOjAwWiIsICJjb25zdW1lcktleSI6ICJ5ZWxsb3d3YWxscGFwZXIiLCAidXNlcklkIjogIkdyYWhhbSAvIGVqMjkyOSIsICJ0dGwiOiA4NjQwMH0.L5eCdP1O-0eWXpRoPtcH0EMreUAJ3jMojVbPbFqaGM4')
('Consumer key:', u'yellowwallpaper')
('Token:', None)
('Token:', u'eyJhbGciOiAiSFMyNTYiLCAidHlwIjogIkpXVCJ9.eyJpc3N1ZWRBdCI6ICIyMDE0LTAxLTI4VDIyOjQ2OjU3KzAwOjAwWiIsICJjb25zdW1lcktleSI6ICJ5ZWxsb3d3YWxscGFwZXIiLCAidXNlcklkIjogIkdyYWhhbSAvIGVqMjkyOSIsICJ0dGwiOiA4NjQwMH0.SRd5wWE9AOUNR_v8Ft_pG9Vl0kKzz_3HJ_1oniu6xGI')
('Consumer key:', u'yellowwallpaper')
('Token:', u'eyJhbGciOiAiSFMyNTYiLCAidHlwIjogIkpXVCJ9.eyJpc3N1ZWRBdCI6ICIyMDE0LTAxLTI4VDIyOjQ2OjU3KzAwOjAwWiIsICJjb25zdW1lcktleSI6ICJ5ZWxsb3d3YWxscGFwZXIiLCAidXNlcklkIjogIkdyYWhhbSAvIGVqMjkyOSIsICJ0dGwiOiA4NjQwMH0.SRd5wWE9AOUNR_v8Ft_pG9Vl0kKzz_3HJ_1oniu6xGI')
('Consumer key:', u'yellowwallpaper')
('Token:', u'eyJhbGciOiAiSFMyNTYiLCAidHlwIjogIkpXVCJ9.eyJpc3N1ZWRBdCI6ICIyMDE0LTAxLTI4VDIyOjQ2OjU3KzAwOjAwWiIsICJjb25zdW1lcktleSI6ICJ5ZWxsb3d3YWxscGFwZXIiLCAidXNlcklkIjogIkdyYWhhbSAvIGVqMjkyOSIsICJ0dGwiOiA4NjQwMH0.SRd5wWE9AOUNR_v8Ft_pG9Vl0kKzz_3HJ_1oniu6xGI')
('Consumer key:', u'yellowwallpaper')
('Token:', u'eyJhbGciOiAiSFMyNTYiLCAidHlwIjogIkpXVCJ9.eyJpc3N1ZWRBdCI6ICIyMDE0LTAxLTI4VDIyOjQ2OjU3KzAwOjAwWiIsICJjb25zdW1lcktleSI6ICJ5ZWxsb3d3YWxscGFwZXIiLCAidXNlcklkIjogIkdyYWhhbSAvIGVqMjkyOSIsICJ0dGwiOiA4NjQwMH0.SRd5wWE9AOUNR_v8Ft_pG9Vl0kKzz_3HJ_1oniu6xGI')
('Consumer key:', u'yellowwallpaper')
('Token:', u'eyJhbGciOiAiSFMyNTYiLCAidHlwIjogIkpXVCJ9.eyJpc3N1ZWRBdCI6ICIyMDE0LTAxLTI4VDIyOjQ2OjU3KzAwOjAwWiIsICJjb25zdW1lcktleSI6ICJ5ZWxsb3d3YWxscGFwZXIiLCAidXNlcklkIjogIkdyYWhhbSAvIGVqMjkyOSIsICJ0dGwiOiA4NjQwMH0.SRd5wWE9AOUNR_v8Ft_pG9Vl0kKzz_3HJ_1oniu6xGI')
('Consumer key:', u'yellowwallpaper')
('Token:', u'eyJhbGciOiAiSFMyNTYiLCAidHlwIjogIkpXVCJ9.eyJpc3N1ZWRBdCI6ICIyMDE0LTAxLTI4VDIyOjQ2OjU3KzAwOjAwWiIsICJjb25zdW1lcktleSI6ICJ5ZWxsb3d3YWxscGFwZXIiLCAidXNlcklkIjogIkdyYWhhbSAvIGVqMjkyOSIsICJ0dGwiOiA4NjQwMH0.SRd5wWE9AOUNR_v8Ft_pG9Vl0kKzz_3HJ_1oniu6xGI')
('Consumer key:', u'yellowwallpaper')
('Token:', u'eyJhbGciOiAiSFMyNTYiLCAidHlwIjogIkpXVCJ9.eyJpc3N1ZWRBdCI6ICIyMDE0LTAxLTI4VDIyOjQ2OjU3KzAwOjAwWiIsICJjb25zdW1lcktleSI6ICJ5ZWxsb3d3YWxscGFwZXIiLCAidXNlcklkIjogIkdyYWhhbSAvIGVqMjkyOSIsICJ0dGwiOiA4NjQwMH0.SRd5wWE9AOUNR_v8Ft_pG9Vl0kKzz_3HJ_1oniu6xGI')
('Consumer key:', u'yellowwallpaper')
('Token:', u'eyJhbGciOiAiSFMyNTYiLCAidHlwIjogIkpXVCJ9.eyJpc3N1ZWRBdCI6ICIyMDE0LTAxLTI4VDIyOjQ2OjU3KzAwOjAwWiIsICJjb25zdW1lcktleSI6ICJ5ZWxsb3d3YWxscGFwZXIiLCAidXNlcklkIjogIkdyYWhhbSAvIGVqMjkyOSIsICJ0dGwiOiA4NjQwMH0.SRd5wWE9AOUNR_v8Ft_pG9Vl0kKzz_3HJ_1oniu6xGI')
('Consumer key:', u'yellowwallpaper')
('Token:', u'eyJhbGciOiAiSFMyNTYiLCAidHlwIjogIkpXVCJ9.eyJpc3N1ZWRBdCI6ICIyMDE0LTAxLTI4VDIyOjQ2OjU3KzAwOjAwWiIsICJjb25zdW1lcktleSI6ICJ5ZWxsb3d3YWxscGFwZXIiLCAidXNlcklkIjogIkdyYWhhbSAvIGVqMjkyOSIsICJ0dGwiOiA4NjQwMH0.SRd5wWE9AOUNR_v8Ft_pG9Vl0kKzz_3HJ_1oniu6xGI')
('Consumer key:', u'yellowwallpaper')
('Token:', u'eyJhbGciOiAiSFMyNTYiLCAidHlwIjogIkpXVCJ9.eyJpc3N1ZWRBdCI6ICIyMDE0LTAxLTI4VDIyOjQ2OjU3KzAwOjAwWiIsICJjb25zdW1lcktleSI6ICJ5ZWxsb3d3YWxscGFwZXIiLCAidXNlcklkIjogIkdyYWhhbSAvIGVqMjkyOSIsICJ0dGwiOiA4NjQwMH0.SRd5wWE9AOUNR_v8Ft_pG9Vl0kKzz_3HJ_1oniu6xGI')
('Consumer key:', u'yellowwallpaper')
('Token:', u'eyJhbGciOiAiSFMyNTYiLCAidHlwIjogIkpXVCJ9.eyJpc3N1ZWRBdCI6ICIyMDE0LTAxLTI4VDIyOjQ2OjU3KzAwOjAwWiIsICJjb25zdW1lcktleSI6ICJ5ZWxsb3d3YWxscGFwZXIiLCAidXNlcklkIjogIkdyYWhhbSAvIGVqMjkyOSIsICJ0dGwiOiA4NjQwMH0.SRd5wWE9AOUNR_v8Ft_pG9Vl0kKzz_3HJ_1oniu6xGI')
('Consumer key:', u'yellowwallpaper')
('Token:', u'eyJhbGciOiAiSFMyNTYiLCAidHlwIjogIkpXVCJ9.eyJpc3N1ZWRBdCI6ICIyMDE0LTAxLTI4VDIyOjQ2OjU3KzAwOjAwWiIsICJjb25zdW1lcktleSI6ICJ5ZWxsb3d3YWxscGFwZXIiLCAidXNlcklkIjogIkdyYWhhbSAvIGVqMjkyOSIsICJ0dGwiOiA4NjQwMH0.SRd5wWE9AOUNR_v8Ft_pG9Vl0kKzz_3HJ_1oniu6xGI')
('Consumer key:', u'yellowwallpaper')
('Token:', u'eyJhbGciOiAiSFMyNTYiLCAidHlwIjogIkpXVCJ9.eyJpc3N1ZWRBdCI6ICIyMDE0LTAxLTI4VDIyOjQ2OjU3KzAwOjAwWiIsICJjb25zdW1lcktleSI6ICJ5ZWxsb3d3YWxscGFwZXIiLCAidXNlcklkIjogIkdyYWhhbSAvIGVqMjkyOSIsICJ0dGwiOiA4NjQwMH0.SRd5wWE9AOUNR_v8Ft_pG9Vl0kKzz_3HJ_1oniu6xGI')
('Consumer key:', u'yellowwallpaper')
('Token:', u'eyJhbGciOiAiSFMyNTYiLCAidHlwIjogIkpXVCJ9.eyJpc3N1ZWRBdCI6ICIyMDE0LTAxLTI4VDIyOjQ2OjU3KzAwOjAwWiIsICJjb25zdW1lcktleSI6ICJ5ZWxsb3d3YWxscGFwZXIiLCAidXNlcklkIjogIkdyYWhhbSAvIGVqMjkyOSIsICJ0dGwiOiA4NjQwMH0.SRd5wWE9AOUNR_v8Ft_pG9Vl0kKzz_3HJ_1oniu6xGI')
('Consumer key:', u'yellowwallpaper')
('Token:', None)
('Token:', None)
('Token:', u'eyJhbGciOiAiSFMyNTYiLCAidHlwIjogIkpXVCJ9.eyJpc3N1ZWRBdCI6ICIyMDE0LTAxLTI5VDEzOjQ3OjUzKzAwOjAwWiIsICJjb25zdW1lcktleSI6ICJ5ZWxsb3d3YWxscGFwZXIiLCAidXNlcklkIjogIkdyYWhhbSAvIGVqMjkyOSIsICJ0dGwiOiA4NjQwMH0.VNJDxnExIe8YOL3-3AyUdE9gTgbEOmQD6AkVXaVJAGQ')
('Consumer key:', u'yellowwallpaper')
('Token:', u'eyJhbGciOiAiSFMyNTYiLCAidHlwIjogIkpXVCJ9.eyJpc3N1ZWRBdCI6ICIyMDE0LTAxLTI5VDEzOjQ3OjUzKzAwOjAwWiIsICJjb25zdW1lcktleSI6ICJ5ZWxsb3d3YWxscGFwZXIiLCAidXNlcklkIjogIkdyYWhhbSAvIGVqMjkyOSIsICJ0dGwiOiA4NjQwMH0.VNJDxnExIe8YOL3-3AyUdE9gTgbEOmQD6AkVXaVJAGQ')
('Consumer key:', u'yellowwallpaper')
('Token:', u'eyJhbGciOiAiSFMyNTYiLCAidHlwIjogIkpXVCJ9.eyJpc3N1ZWRBdCI6ICIyMDE0LTAxLTI5VDEzOjQ3OjUzKzAwOjAwWiIsICJjb25zdW1lcktleSI6ICJ5ZWxsb3d3YWxscGFwZXIiLCAidXNlcklkIjogIkdyYWhhbSAvIGVqMjkyOSIsICJ0dGwiOiA4NjQwMH0.VNJDxnExIe8YOL3-3AyUdE9gTgbEOmQD6AkVXaVJAGQ')
('Consumer key:', u'yellowwallpaper')
('Token:', u'eyJhbGciOiAiSFMyNTYiLCAidHlwIjogIkpXVCJ9.eyJpc3N1ZWRBdCI6ICIyMDE0LTAxLTI5VDEzOjQ3OjUzKzAwOjAwWiIsICJjb25zdW1lcktleSI6ICJ5ZWxsb3d3YWxscGFwZXIiLCAidXNlcklkIjogIkdyYWhhbSAvIGVqMjkyOSIsICJ0dGwiOiA4NjQwMH0.VNJDxnExIe8YOL3-3AyUdE9gTgbEOmQD6AkVXaVJAGQ')
('Consumer key:', u'yellowwallpaper')
('Token:', u'eyJhbGciOiAiSFMyNTYiLCAidHlwIjogIkpXVCJ9.eyJpc3N1ZWRBdCI6ICIyMDE0LTAxLTI5VDEzOjQ3OjUzKzAwOjAwWiIsICJjb25zdW1lcktleSI6ICJ5ZWxsb3d3YWxscGFwZXIiLCAidXNlcklkIjogIkdyYWhhbSAvIGVqMjkyOSIsICJ0dGwiOiA4NjQwMH0.VNJDxnExIe8YOL3-3AyUdE9gTgbEOmQD6AkVXaVJAGQ')
('Consumer key:', u'yellowwallpaper')
('Token:', None)
('Token:', None)
('Token:', u'eyJhbGciOiAiSFMyNTYiLCAidHlwIjogIkpXVCJ9.eyJpc3N1ZWRBdCI6ICIyMDE0LTAxLTI5VDE0OjQ1OjU1KzAwOjAwWiIsICJjb25zdW1lcktleSI6ICJ5ZWxsb3d3YWxscGFwZXIiLCAidXNlcklkIjogIkdyYWhhbSAvIGVqMjkyOSIsICJ0dGwiOiA4NjQwMH0.nko7uQJxPI_9YloPdZSiO8iu1R5UFzDfSKXbYc_df4c')
('Consumer key:', u'yellowwallpaper')
('Token:', u'eyJhbGciOiAiSFMyNTYiLCAidHlwIjogIkpXVCJ9.eyJpc3N1ZWRBdCI6ICIyMDE0LTAxLTI5VDE0OjQ1OjU1KzAwOjAwWiIsICJjb25zdW1lcktleSI6ICJ5ZWxsb3d3YWxscGFwZXIiLCAidXNlcklkIjogIkdyYWhhbSAvIGVqMjkyOSIsICJ0dGwiOiA4NjQwMH0.nko7uQJxPI_9YloPdZSiO8iu1R5UFzDfSKXbYc_df4c')
('Consumer key:', u'yellowwallpaper')
('Token:', u'eyJhbGciOiAiSFMyNTYiLCAidHlwIjogIkpXVCJ9.eyJpc3N1ZWRBdCI6ICIyMDE0LTAxLTI5VDE0OjQ1OjU1KzAwOjAwWiIsICJjb25zdW1lcktleSI6ICJ5ZWxsb3d3YWxscGFwZXIiLCAidXNlcklkIjogIkdyYWhhbSAvIGVqMjkyOSIsICJ0dGwiOiA4NjQwMH0.nko7uQJxPI_9YloPdZSiO8iu1R5UFzDfSKXbYc_df4c')
('Consumer key:', u'yellowwallpaper')
('Token:', u'eyJhbGciOiAiSFMyNTYiLCAidHlwIjogIkpXVCJ9.eyJpc3N1ZWRBdCI6ICIyMDE0LTAxLTI5VDE0OjQ1OjU1KzAwOjAwWiIsICJjb25zdW1lcktleSI6ICJ5ZWxsb3d3YWxscGFwZXIiLCAidXNlcklkIjogIkdyYWhhbSAvIGVqMjkyOSIsICJ0dGwiOiA4NjQwMH0.nko7uQJxPI_9YloPdZSiO8iu1R5UFzDfSKXbYc_df4c')
('Consumer key:', u'yellowwallpaper')
('Token:', u'eyJhbGciOiAiSFMyNTYiLCAidHlwIjogIkpXVCJ9.eyJpc3N1ZWRBdCI6ICIyMDE0LTAxLTI5VDE0OjQ1OjU1KzAwOjAwWiIsICJjb25zdW1lcktleSI6ICJ5ZWxsb3d3YWxscGFwZXIiLCAidXNlcklkIjogIkdyYWhhbSAvIGVqMjkyOSIsICJ0dGwiOiA4NjQwMH0.nko7uQJxPI_9YloPdZSiO8iu1R5UFzDfSKXbYc_df4c')
('Consumer key:', u'yellowwallpaper')
('Token:', u'eyJhbGciOiAiSFMyNTYiLCAidHlwIjogIkpXVCJ9.eyJpc3N1ZWRBdCI6ICIyMDE0LTAxLTI5VDE0OjQ1OjU1KzAwOjAwWiIsICJjb25zdW1lcktleSI6ICJ5ZWxsb3d3YWxscGFwZXIiLCAidXNlcklkIjogIkdyYWhhbSAvIGVqMjkyOSIsICJ0dGwiOiA4NjQwMH0.nko7uQJxPI_9YloPdZSiO8iu1R5UFzDfSKXbYc_df4c')
('Consumer key:', u'yellowwallpaper')
('Token:', u'eyJhbGciOiAiSFMyNTYiLCAidHlwIjogIkpXVCJ9.eyJpc3N1ZWRBdCI6ICIyMDE0LTAxLTI5VDE0OjQ1OjU1KzAwOjAwWiIsICJjb25zdW1lcktleSI6ICJ5ZWxsb3d3YWxscGFwZXIiLCAidXNlcklkIjogIkdyYWhhbSAvIGVqMjkyOSIsICJ0dGwiOiA4NjQwMH0.nko7uQJxPI_9YloPdZSiO8iu1R5UFzDfSKXbYc_df4c')
('Consumer key:', u'yellowwallpaper')
('Token:', u'eyJhbGciOiAiSFMyNTYiLCAidHlwIjogIkpXVCJ9.eyJpc3N1ZWRBdCI6ICIyMDE0LTAxLTI5VDE0OjQ1OjU1KzAwOjAwWiIsICJjb25zdW1lcktleSI6ICJ5ZWxsb3d3YWxscGFwZXIiLCAidXNlcklkIjogIkdyYWhhbSAvIGVqMjkyOSIsICJ0dGwiOiA4NjQwMH0.nko7uQJxPI_9YloPdZSiO8iu1R5UFzDfSKXbYc_df4c')
('Consumer key:', u'yellowwallpaper')
('Token:', u'eyJhbGciOiAiSFMyNTYiLCAidHlwIjogIkpXVCJ9.eyJpc3N1ZWRBdCI6ICIyMDE0LTAxLTI5VDE0OjQ1OjU1KzAwOjAwWiIsICJjb25zdW1lcktleSI6ICJ5ZWxsb3d3YWxscGFwZXIiLCAidXNlcklkIjogIkdyYWhhbSAvIGVqMjkyOSIsICJ0dGwiOiA4NjQwMH0.nko7uQJxPI_9YloPdZSiO8iu1R5UFzDfSKXbYc_df4c')
('Consumer key:', u'yellowwallpaper')
('Token:', u'eyJhbGciOiAiSFMyNTYiLCAidHlwIjogIkpXVCJ9.eyJpc3N1ZWRBdCI6ICIyMDE0LTAxLTI5VDE0OjQ1OjU1KzAwOjAwWiIsICJjb25zdW1lcktleSI6ICJ5ZWxsb3d3YWxscGFwZXIiLCAidXNlcklkIjogIkdyYWhhbSAvIGVqMjkyOSIsICJ0dGwiOiA4NjQwMH0.nko7uQJxPI_9YloPdZSiO8iu1R5UFzDfSKXbYc_df4c')
('Consumer key:', u'yellowwallpaper')
('Token:', u'eyJhbGciOiAiSFMyNTYiLCAidHlwIjogIkpXVCJ9.eyJpc3N1ZWRBdCI6ICIyMDE0LTAxLTI5VDE0OjQ1OjU1KzAwOjAwWiIsICJjb25zdW1lcktleSI6ICJ5ZWxsb3d3YWxscGFwZXIiLCAidXNlcklkIjogIkdyYWhhbSAvIGVqMjkyOSIsICJ0dGwiOiA4NjQwMH0.nko7uQJxPI_9YloPdZSiO8iu1R5UFzDfSKXbYc_df4c')
('Consumer key:', u'yellowwallpaper')
('Token:', u'eyJhbGciOiAiSFMyNTYiLCAidHlwIjogIkpXVCJ9.eyJpc3N1ZWRBdCI6ICIyMDE0LTAxLTI5VDE0OjQ1OjU1KzAwOjAwWiIsICJjb25zdW1lcktleSI6ICJ5ZWxsb3d3YWxscGFwZXIiLCAidXNlcklkIjogIkdyYWhhbSAvIGVqMjkyOSIsICJ0dGwiOiA4NjQwMH0.nko7uQJxPI_9YloPdZSiO8iu1R5UFzDfSKXbYc_df4c')
('Consumer key:', u'yellowwallpaper')
('Token:', u'eyJhbGciOiAiSFMyNTYiLCAidHlwIjogIkpXVCJ9.eyJpc3N1ZWRBdCI6ICIyMDE0LTAxLTI5VDE0OjQ1OjU1KzAwOjAwWiIsICJjb25zdW1lcktleSI6ICJ5ZWxsb3d3YWxscGFwZXIiLCAidXNlcklkIjogIkdyYWhhbSAvIGVqMjkyOSIsICJ0dGwiOiA4NjQwMH0.nko7uQJxPI_9YloPdZSiO8iu1R5UFzDfSKXbYc_df4c')
('Consumer key:', u'yellowwallpaper')
('Token:', u'eyJhbGciOiAiSFMyNTYiLCAidHlwIjogIkpXVCJ9.eyJpc3N1ZWRBdCI6ICIyMDE0LTAxLTI5VDE0OjQ1OjU1KzAwOjAwWiIsICJjb25zdW1lcktleSI6ICJ5ZWxsb3d3YWxscGFwZXIiLCAidXNlcklkIjogIkdyYWhhbSAvIGVqMjkyOSIsICJ0dGwiOiA4NjQwMH0.nko7uQJxPI_9YloPdZSiO8iu1R5UFzDfSKXbYc_df4c')
('Consumer key:', u'yellowwallpaper')
('Token:', u'eyJhbGciOiAiSFMyNTYiLCAidHlwIjogIkpXVCJ9.eyJpc3N1ZWRBdCI6ICIyMDE0LTAxLTI5VDE0OjQ1OjU1KzAwOjAwWiIsICJjb25zdW1lcktleSI6ICJ5ZWxsb3d3YWxscGFwZXIiLCAidXNlcklkIjogIkdyYWhhbSAvIGVqMjkyOSIsICJ0dGwiOiA4NjQwMH0.nko7uQJxPI_9YloPdZSiO8iu1R5UFzDfSKXbYc_df4c')
('Consumer key:', u'yellowwallpaper')
('Token:', None)
('Token:', None)
('Token:', None)
('Token:', None)
('Token:', None)
('Token:', None)
('Token:', None)
('Token:', None)
('Token:', None)
('Token:', None)
('Token:', None)
('Token:', None)
('Token:', None)
('Token:', None)
('Token:', None)
('Token:', None)
('Token:', None)
('Token:', None)
('Token:', None)
('Token:', None)
('Token:', None)
('Token:', None)
('Token:', None)
('Token:', None)
('Token:', None)
('Token:', None)
('Token:', None)
('Token:', None)
('Token:', None)
('Token:', u'eyJhbGciOiAiSFMyNTYiLCAidHlwIjogIkpXVCJ9.